Using pre-set license
Built from '2021.1/staging' branch; Version is '2021.1.12f1 (afcadd793de6) revision 11520733'; Using compiler version '192528614'; Build Type 'Release'
OS: 'Windows 10 Home; OS build 19043.1165; Version 2009; 64bit' Language: 'fr' Physical Memory: 16269 MB
BatchMode: 1, IsHumanControllingUs: 0, StartBugReporterOnCrash: 0, Is64bit: 1, IsPro: 0

 COMMAND LINE ARGUMENTS:
C:\Program Files\Unity\Hub\Editor\2021.1.12f1\Editor\Unity.exe
-adb2
-batchMode
-noUpm
-name
AssetImportWorker0
-projectPath
D:/Kamail/Graphisme/Studio Canap/Game Desing Graphic/TowerDefense
-logFile
Logs/AssetImportWorker0.log
-srvPort
52045
Successfully changed project path to: D:/Kamail/Graphisme/Studio Canap/Game Desing Graphic/TowerDefense
D:/Kamail/Graphisme/Studio Canap/Game Desing Graphic/TowerDefense
Using Asset Import Pipeline V2.
Refreshing native plugins compatible for Editor in 52.40 ms, found 3 plugins.
Preloading 0 native plugins for Editor in 0.00 ms.
Initialize engine version: 2021.1.12f1 (afcadd793de6)
[Subsystems] Discovering subsystems at path C:/Program Files/Unity/Hub/Editor/2021.1.12f1/Editor/Data/Resources/UnitySubsystems
[Subsystems] Discovering subsystems at path D:/Kamail/Graphisme/Studio Canap/Game Desing Graphic/TowerDefense/Assets
GfxDevice: creating device client; threaded=0; jobified=0
Direct3D:
    Version:  Direct3D 11.0 [level 11.1]
    Renderer: NVIDIA GeForce GTX 1050 (ID=0x1c8d)
    Vendor:   NVIDIA
    VRAM:     1977 MB
    Driver:   27.21.14.6280
Initialize mono
Mono path[0] = 'C:/Program Files/Unity/Hub/Editor/2021.1.12f1/Editor/Data/Managed'
Mono path[1] = 'C:/Program Files/Unity/Hub/Editor/2021.1.12f1/Editor/Data/MonoBleedingEdge/lib/mono/unityjit'
Mono config path = 'C:/Program Files/Unity/Hub/Editor/2021.1.12f1/Editor/Data/MonoBleedingEdge/etc'
Using monoOptions --debugger-agent=transport=dt_socket,embedding=1,server=y,suspend=n,address=127.0.0.1:56308
Begin MonoManager ReloadAssembly
Registering precompiled unity dll's ...
Register platform support module: C:/Program Files/Unity/Hub/Editor/2021.1.12f1/Editor/Data/PlaybackEngines/WindowsStandaloneSupport/UnityEditor.WindowsStandalone.Extensions.dll
Registered in 0.004012 seconds.
Native extension for WindowsStandalone target not found
Refreshing native plugins compatible for Editor in 53.51 ms, found 3 plugins.
Preloading 0 native plugins for Editor in 0.00 ms.
Mono: successfully reloaded assembly
- Completed reload, in  1.889 seconds
Domain Reload Profiling:
	ReloadAssembly (1889ms)
		BeginReloadAssembly (92ms)
			ExecutionOrderSort (0ms)
			DisableScriptedObjects (0ms)
			BackupInstance (0ms)
			ReleaseScriptingObjects (0ms)
			CreateAndSetChildDomain (1ms)
		EndReloadAssembly (633ms)
			LoadAssemblies (88ms)
			RebuildTransferFunctionScriptingTraits (0ms)
			SetupTypeCache (259ms)
			ReleaseScriptCaches (0ms)
			RebuildScriptCaches (43ms)
			SetupLoadedEditorAssemblies (265ms)
				LogAssemblyErrors (0ms)
				InitializePlatformSupportModulesInManaged (8ms)
				SetLoadedEditorAssemblies (0ms)
				RefreshPlugins (54ms)
				BeforeProcessingInitializeOnLoad (2ms)
				ProcessInitializeOnLoadAttributes (152ms)
				ProcessInitializeOnLoadMethodAttributes (48ms)
				AfterProcessingInitializeOnLoad (0ms)
				EditorAssembliesLoaded (0ms)
			ExecutionOrderSort2 (0ms)
			AwakeInstancesAfterBackupRestoration (0ms)
Platform modules already initialized, skipping
Registering precompiled user dll's ...
Registered in 0.004840 seconds.
Begin MonoManager ReloadAssembly
Native extension for WindowsStandalone target not found
Refreshing native plugins compatible for Editor in 51.84 ms, found 3 plugins.
Preloading 0 native plugins for Editor in 0.00 ms.
Mono: successfully reloaded assembly
- Completed reload, in  1.521 seconds
Domain Reload Profiling:
	ReloadAssembly (1521ms)
		BeginReloadAssembly (212ms)
			ExecutionOrderSort (0ms)
			DisableScriptedObjects (6ms)
			BackupInstance (0ms)
			ReleaseScriptingObjects (0ms)
			CreateAndSetChildDomain (25ms)
		EndReloadAssembly (1212ms)
			LoadAssemblies (136ms)
			RebuildTransferFunctionScriptingTraits (0ms)
			SetupTypeCache (422ms)
			ReleaseScriptCaches (0ms)
			RebuildScriptCaches (65ms)
			SetupLoadedEditorAssemblies (460ms)
				LogAssemblyErrors (0ms)
				InitializePlatformSupportModulesInManaged (6ms)
				SetLoadedEditorAssemblies (0ms)
				RefreshPlugins (52ms)
				BeforeProcessingInitializeOnLoad (81ms)
				ProcessInitializeOnLoadAttributes (285ms)
				ProcessInitializeOnLoadMethodAttributes (23ms)
				AfterProcessingInitializeOnLoad (13ms)
				EditorAssembliesLoaded (0ms)
			ExecutionOrderSort2 (0ms)
			AwakeInstancesAfterBackupRestoration (11ms)
Platform modules already initialized, skipping
========================================================================
Worker process is ready to serve import requests
Launched and connected shader compiler UnityShaderCompiler.exe after 0.08 seconds
Refreshing native plugins compatible for Editor in 0.50 ms, found 3 plugins.
Preloading 0 native plugins for Editor in 0.00 ms.
Unloading 2126 Unused Serialized files (Serialized files now loaded: 0)
System memory in use before: 97.3 MB.
System memory in use after: 97.4 MB.

Unloading 28 unused Assets to reduce memory usage. Loaded Objects now: 2579.
Total: 2.950100 ms (FindLiveObjects: 0.183600 ms CreateObjectMapping: 0.097600 ms MarkObjects: 2.593500 ms  DeleteObjects: 0.074000 ms)

AssetImportParameters requested are different than current active one (requested -> active):
  custom:framework-win-MediaFoundation: 216162199b28c13a410421893ffa2e32 -> 
  custom:video-decoder-ogg-theora: a1e56fd34408186e4bbccfd4996cb3dc -> 
  custom:container-muxer-webm: aa71ff27fc2769a1b78a27578f13a17b -> 
  custom:container-demuxer-webm: 4f35f7cbe854078d1ac9338744f61a02 -> 
  custom:container-demuxer-ogg: 62fdf1f143b41e24485cea50d1cbac27 -> 
  custom:video-encoder-webm-vp8: eb34c28f22e8b96e1ab97ce403110664 -> 
  custom:video-codec-MediaFoundation-h265: 746d11721c4dcdbdad8f713fa42b33f4 -> 
  custom:video-decoder-webm-vp8: 9c59270c3fd7afecdb556c50c9e8de78 -> 
  custom:audio-decoder-ogg-vorbis: bf7c407c2cedff20999df2af8eb42d56 -> 
  custom:audio-encoder-webm-vorbis: bf7c407c2cedff20999df2af8eb42d56 -> 
========================================================================
Received Import Request.
  path: Assets/Prefab/Defenders
  artifactKey: Guid(67947cf7b6ca8384486a5e5bb42ed429) Importer(815301076,1909f56bfc062723c751e8b465ee728b)
Start importing Assets/Prefab/Defenders using Guid(67947cf7b6ca8384486a5e5bb42ed429) Importer(815301076,1909f56bfc062723c751e8b465ee728b)  -> (artifact id: 'c9254697a8e2eacdd8983fe3abd3f296') in 0.006150 seconds 
========================================================================
Received Import Request.
  Time since last request: 6.375624 seconds.
  path: Assets/Prefab/Rewards/Trophy.prefab
  artifactKey: Guid(f2629ab3ff724034da2fb4031ae1f040) Importer(815301076,1909f56bfc062723c751e8b465ee728b)
Start importing Assets/Prefab/Rewards/Trophy.prefab using Guid(f2629ab3ff724034da2fb4031ae1f040) Importer(815301076,1909f56bfc062723c751e8b465ee728b)  -> (artifact id: 'b55816cb98c2097131886d375726f5f0') in 0.642566 seconds 
========================================================================
Received Import Request.
  Time since last request: 15.192253 seconds.
  path: Assets/Prefab/Attackers
  artifactKey: Guid(6e7bd9ca0f49dc642a532be7b7c0ec93) Importer(815301076,1909f56bfc062723c751e8b465ee728b)
Start importing Assets/Prefab/Attackers using Guid(6e7bd9ca0f49dc642a532be7b7c0ec93) Importer(815301076,1909f56bfc062723c751e8b465ee728b)  -> (artifact id: 'c909ffbe1b5f9e997fdfc299824950f1') in 0.005225 seconds 
========================================================================
Received Import Request.
  Time since last request: 1.835897 seconds.
  path: Assets/Prefab/Attackers/Lezard.prefab
  artifactKey: Guid(e2f290458792dc54c80342f551351cbd) Importer(815301076,1909f56bfc062723c751e8b465ee728b)
Start importing Assets/Prefab/Attackers/Lezard.prefab using Guid(e2f290458792dc54c80342f551351cbd) Importer(815301076,1909f56bfc062723c751e8b465ee728b)  -> (artifact id: '812020b7dc609290120aebb842478fd5') in 0.047978 seconds 
========================================================================
Received Import Request.
  Time since last request: 8.791850 seconds.
  path: Assets/NotUsedYet/SpriteSheets
  artifactKey: Guid(c4e11a456b3cd11469adc3db0c4c3dc1) Importer(815301076,1909f56bfc062723c751e8b465ee728b)
Start importing Assets/NotUsedYet/SpriteSheets using Guid(c4e11a456b3cd11469adc3db0c4c3dc1) Importer(815301076,1909f56bfc062723c751e8b465ee728b)  -> (artifact id: '6beb336017a333e6ae69b9a1e99993a5') in 0.007602 seconds 
========================================================================
Received Import Request.
  Time since last request: 79.423135 seconds.
  path: Assets/Images/Fond_nuages 1.png
  artifactKey: Guid(9ba3774b78b360843b2d0770f775b6dd) Importer(815301076,1909f56bfc062723c751e8b465ee728b)
Start importing Assets/Images/Fond_nuages 1.png using Guid(9ba3774b78b360843b2d0770f775b6dd) Importer(815301076,1909f56bfc062723c751e8b465ee728b)  -> (artifact id: '83336baa4438390e4f64f7465016c9fe') in 0.096186 seconds 
AssetImportWorkerClient::OnTransportError - code=2 error=End of file
